=============================================
  AareML — Submitting UBELIX Jobs
  Working directory: /storage/homefs/tn20y076/AareML
=============================================

Submitting job 03 (LSTM single-site + Optuna)...
sbatch: --------------------------------------------------
sbatch: This job generates no costs!
sbatch: --------------------------------------------------
  → Job ID: 2798761

Submitting job 04 (multi-site evaluation, depends on job 2798761)...
sbatch: --------------------------------------------------
sbatch: This job generates no costs!
sbatch: --------------------------------------------------
  → Job ID: 2798762

Submitting job 04b (temperature multi-site, depends on job 2798762)...
sbatch: --------------------------------------------------
sbatch: This job generates no costs!
sbatch: --------------------------------------------------
  → Job ID: 2798763

Submitting job 05 (SHAP attribution, depends on job 2798763)...
sbatch: --------------------------------------------------
sbatch: This job generates no costs!
sbatch: --------------------------------------------------
  → Job ID: 2798764

=============================================
  All jobs submitted
=============================================

  Job 03  (LSTM):            2798761
  Job 04  (Multi-site DO):   2798762   [waits for 2798761]
  Job 04b (Temp multi-site): 2798763  [waits for 2798762]
  Job 05  (SHAP):            2798764   [waits for 2798763]

  Monitor:   squeue --me
  Cancel:    scancel 2798761 2798762 2798763 2798764
  Logs:      tail -f logs/job_03_lstm_2798761.out

You will receive an email when each job finishes.
Total expected time: ~20 min (03) + ~30 min (04) + ~2h (04b) + ~20 min (05)
