[NbConvertApp] Converting notebook notebooks/03_lstm_single_site.ipynb to notebook
/storage/homefs/tn20y076/.conda/envs/aareml/lib/python3.11/site-packages/nbformat/__init__.py:96: MissingIDFieldWarning: Cell is missing an id field, this will become a hard error in future nbformat versions. You may want to use `normalize()` on your notebooks before validations (available since nbformat 5.1.4). Previous versions of nbformat are fixing this issue transparently, and will stop doing so in the future.
  validate(nb)
Traceback (most recent call last):
  File "/storage/homefs/tn20y076/.conda/envs/aareml/bin/jupyter-nbconvert", line 6, in <module>
    sys.exit(main())
             ^^^^^^
  File "/storage/homefs/tn20y076/.conda/envs/aareml/lib/python3.11/site-packages/jupyter_core/application.py", line 284, in launch_instance
    super().launch_instance(argv=argv, **kwargs)
  File "/storage/homefs/tn20y076/.conda/envs/aareml/lib/python3.11/site-packages/traitlets/config/application.py", line 1075, in launch_instance
    app.start()
  File "/storage/homefs/tn20y076/.conda/envs/aareml/lib/python3.11/site-packages/nbconvert/nbconvertapp.py", line 420, in start
    self.convert_notebooks()
  File "/storage/homefs/tn20y076/.conda/envs/aareml/lib/python3.11/site-packages/nbconvert/nbconvertapp.py", line 597, in convert_notebooks
    self.convert_single_notebook(notebook_filename)
  File "/storage/homefs/tn20y076/.conda/envs/aareml/lib/python3.11/site-packages/nbconvert/nbconvertapp.py", line 563, in convert_single_notebook
    output, resources = self.export_single_notebook(
                        ^^^^^^^^^^^^^^^^^^^^^^^^^^^^
  File "/storage/homefs/tn20y076/.conda/envs/aareml/lib/python3.11/site-packages/nbconvert/nbconvertapp.py", line 487, in export_single_notebook
    output, resources = self.exporter.from_filename(
                        ^^^^^^^^^^^^^^^^^^^^^^^^^^^^
  File "/storage/homefs/tn20y076/.conda/envs/aareml/lib/python3.11/site-packages/nbconvert/exporters/exporter.py", line 201, in from_filename
    return self.from_file(f, resources=resources, **kw)
           ^^^^^^^^^^^^^^^^^^^^^^^^^^^^^^^^^^^^^^^^^^^^
  File "/storage/homefs/tn20y076/.conda/envs/aareml/lib/python3.11/site-packages/nbconvert/exporters/exporter.py", line 220, in from_file
    return self.from_notebook_node(
           ^^^^^^^^^^^^^^^^^^^^^^^^
  File "/storage/homefs/tn20y076/.conda/envs/aareml/lib/python3.11/site-packages/nbconvert/exporters/notebook.py", line 36, in from_notebook_node
    nb_copy, resources = super().from_notebook_node(nb, resources, **kw)
                         ^^^^^^^^^^^^^^^^^^^^^^^^^^^^^^^^^^^^^^^^^^^^^^^
  File "/storage/homefs/tn20y076/.conda/envs/aareml/lib/python3.11/site-packages/nbconvert/exporters/exporter.py", line 154, in from_notebook_node
    nb_copy, resources = self._preprocess(nb_copy, resources)
                         ^^^^^^^^^^^^^^^^^^^^^^^^^^^^^^^^^^^^
  File "/storage/homefs/tn20y076/.conda/envs/aareml/lib/python3.11/site-packages/nbconvert/exporters/exporter.py", line 353, in _preprocess
    nbc, resc = preprocessor(nbc, resc)
                ^^^^^^^^^^^^^^^^^^^^^^^
  File "/storage/homefs/tn20y076/.conda/envs/aareml/lib/python3.11/site-packages/nbconvert/preprocessors/base.py", line 48, in __call__
    return self.preprocess(nb, resources)
           ^^^^^^^^^^^^^^^^^^^^^^^^^^^^^^
  File "/storage/homefs/tn20y076/.conda/envs/aareml/lib/python3.11/site-packages/nbconvert/preprocessors/execute.py", line 103, in preprocess
    self.preprocess_cell(cell, resources, index)
  File "/storage/homefs/tn20y076/.conda/envs/aareml/lib/python3.11/site-packages/nbconvert/preprocessors/execute.py", line 124, in preprocess_cell
    cell = self.execute_cell(cell, index, store_history=True)
           ^^^^^^^^^^^^^^^^^^^^^^^^^^^^^^^^^^^^^^^^^^^^^^^^^^
  File "/storage/homefs/tn20y076/.conda/envs/aareml/lib/python3.11/site-packages/jupyter_core/utils/__init__.py", line 165, in wrapped
    return loop.run_until_complete(inner)
           ^^^^^^^^^^^^^^^^^^^^^^^^^^^^^^
  File "/storage/homefs/tn20y076/.conda/envs/aareml/lib/python3.11/asyncio/base_events.py", line 654, in run_until_complete
    return future.result()
           ^^^^^^^^^^^^^^^
  File "/storage/homefs/tn20y076/.conda/envs/aareml/lib/python3.11/site-packages/nbclient/client.py", line 1062, in async_execute_cell
    await self._check_raise_for_error(cell, cell_index, exec_reply)
  File "/storage/homefs/tn20y076/.conda/envs/aareml/lib/python3.11/site-packages/nbclient/client.py", line 918, in _check_raise_for_error
    raise CellExecutionError.from_cell_and_msg(cell, exec_reply_content)
nbclient.exceptions.CellExecutionError: An error occurred while executing the following cell:
------------------
BATCH_SIZE = 64
dl_train = DataLoader(ds_train, batch_size=BATCH_SIZE, shuffle=True, drop_last=True,
                      num_workers=NUM_WORKERS, pin_memory=PIN_MEMORY)
dl_val   = DataLoader(ds_val,   batch_size=BATCH_SIZE, shuffle=False,
                      num_workers=NUM_WORKERS, pin_memory=PIN_MEMORY)
print('Training default model (hidden=64, layers=2, dropout=0.2, lr=1e-3)...')
t0 = time.time()

default_model = Seq2SeqLSTM(N_FEAT, N_TGT, hidden=64, n_layers=2, dropout=0.2)
default_model, hist_default = train_model(
    default_model, dl_train, dl_val,
    lr=1e-3, epochs=5 if LOCAL_TEST else 120, patience=3 if LOCAL_TEST else 15, device=DEVICE, verbose=True,
)
print(f'Training time: {time.time()-t0:.1f}s')

------------------

----- stdout -----
Training default model (hidden=64, layers=2, dropout=0.2, lr=1e-3)...
[model] train_model: 102,018 trainable params, device=cuda, epochs=120, patience=15, lr=0.001
------------------

[31m---------------------------------------------------------------------------[39m
[31mNameError[39m                                 Traceback (most recent call last)
[36mCell[39m[36m [39m[32mIn[10][39m[32m, line 10[39m
[32m      7[39m t0 = time.time()
[32m      9[39m default_model = Seq2SeqLSTM(N_FEAT, N_TGT, hidden=[32m64[39m, n_layers=[32m2[39m, dropout=[32m0.2[39m)
[32m---> [39m[32m10[39m default_model, hist_default = [43mtrain_model[49m[43m([49m
[32m     11[39m [43m    [49m[43mdefault_model[49m[43m,[49m[43m [49m[43mdl_train[49m[43m,[49m[43m [49m[43mdl_val[49m[43m,[49m
[32m     12[39m [43m    [49m[43mlr[49m[43m=[49m[32;43m1e-3[39;49m[43m,[49m[43m [49m[43mepochs[49m[43m=[49m[32;43m5[39;49m[43m [49m[38;5;28;43;01mif[39;49;00m[43m [49m[43mLOCAL_TEST[49m[43m [49m[38;5;28;43;01melse[39;49;00m[43m [49m[32;43m120[39;49m[43m,[49m[43m [49m[43mpatience[49m[43m=[49m[32;43m3[39;49m[43m [49m[38;5;28;43;01mif[39;49;00m[43m [49m[43mLOCAL_TEST[49m[43m [49m[38;5;28;43;01melse[39;49;00m[43m [49m[32;43m15[39;49m[43m,[49m[43m [49m[43mdevice[49m[43m=[49m[43mDEVICE[49m[43m,[49m[43m [49m[43mverbose[49m[43m=[49m[38;5;28;43;01mTrue[39;49;00m[43m,[49m
[32m     13[39m [43m)[49m
[32m     14[39m [38;5;28mprint[39m([33mf[39m[33m'[39m[33mTraining time: [39m[38;5;132;01m{[39;00mtime.time()-t0[38;5;132;01m:[39;00m[33m.1f[39m[38;5;132;01m}[39;00m[33ms[39m[33m'[39m)

[36mFile [39m[32m~/AareML/notebooks/../src/model.py:519[39m, in [36mtrain_model[39m[34m(model, dl_train, dl_val, lr, epochs, patience, teacher_forcing_start, device, verbose)[39m
[32m    517[39m     [38;5;28;01mfor[39;00m xb, yb [38;5;129;01min[39;00m dl_val:
[32m    518[39m         xb, yb = xb.to(device), yb.to(device)
[32m--> [39m[32m519[39m         val_loss += [43mcriterion[49m(model(xb), yb).item() * [38;5;28mlen[39m(xb)
[32m    520[39m val_loss /= [38;5;28mlen[39m(dl_val.dataset)
[32m    522[39m [38;5;28;01massert[39;00m np.isfinite(train_loss), \
[32m    523[39m     [33mf[39m[33m"[39m[33mtrain_model: train loss is [39m[38;5;132;01m{[39;00mtrain_loss[38;5;132;01m}[39;00m[33m at epoch [39m[38;5;132;01m{[39;00mepoch[38;5;132;01m}[39;00m[33m — check for NaN inputs or exploding gradients[39m[33m"[39m

[31mNameError[39m: name 'criterion' is not defined

