[NbConvertApp] Converting notebook notebooks/11_ablation_study.ipynb to notebook
Traceback (most recent call last):
  File "/storage/homefs/tn20y076/.conda/envs/aareml/bin/jupyter-nbconvert", line 6, in <module>
    sys.exit(main())
             ^^^^^^
  File "/storage/homefs/tn20y076/.conda/envs/aareml/lib/python3.11/site-packages/jupyter_core/application.py", line 284, in launch_instance
    super().launch_instance(argv=argv, **kwargs)
  File "/storage/homefs/tn20y076/.conda/envs/aareml/lib/python3.11/site-packages/traitlets/config/application.py", line 1075, in launch_instance
    app.start()
  File "/storage/homefs/tn20y076/.conda/envs/aareml/lib/python3.11/site-packages/nbconvert/nbconvertapp.py", line 420, in start
    self.convert_notebooks()
  File "/storage/homefs/tn20y076/.conda/envs/aareml/lib/python3.11/site-packages/nbconvert/nbconvertapp.py", line 597, in convert_notebooks
    self.convert_single_notebook(notebook_filename)
  File "/storage/homefs/tn20y076/.conda/envs/aareml/lib/python3.11/site-packages/nbconvert/nbconvertapp.py", line 563, in convert_single_notebook
    output, resources = self.export_single_notebook(
                        ^^^^^^^^^^^^^^^^^^^^^^^^^^^^
  File "/storage/homefs/tn20y076/.conda/envs/aareml/lib/python3.11/site-packages/nbconvert/nbconvertapp.py", line 487, in export_single_notebook
    output, resources = self.exporter.from_filename(
                        ^^^^^^^^^^^^^^^^^^^^^^^^^^^^
  File "/storage/homefs/tn20y076/.conda/envs/aareml/lib/python3.11/site-packages/nbconvert/exporters/exporter.py", line 201, in from_filename
    return self.from_file(f, resources=resources, **kw)
           ^^^^^^^^^^^^^^^^^^^^^^^^^^^^^^^^^^^^^^^^^^^^
  File "/storage/homefs/tn20y076/.conda/envs/aareml/lib/python3.11/site-packages/nbconvert/exporters/exporter.py", line 220, in from_file
    return self.from_notebook_node(
           ^^^^^^^^^^^^^^^^^^^^^^^^
  File "/storage/homefs/tn20y076/.conda/envs/aareml/lib/python3.11/site-packages/nbconvert/exporters/notebook.py", line 36, in from_notebook_node
    nb_copy, resources = super().from_notebook_node(nb, resources, **kw)
                         ^^^^^^^^^^^^^^^^^^^^^^^^^^^^^^^^^^^^^^^^^^^^^^^
  File "/storage/homefs/tn20y076/.conda/envs/aareml/lib/python3.11/site-packages/nbconvert/exporters/exporter.py", line 154, in from_notebook_node
    nb_copy, resources = self._preprocess(nb_copy, resources)
                         ^^^^^^^^^^^^^^^^^^^^^^^^^^^^^^^^^^^^
  File "/storage/homefs/tn20y076/.conda/envs/aareml/lib/python3.11/site-packages/nbconvert/exporters/exporter.py", line 353, in _preprocess
    nbc, resc = preprocessor(nbc, resc)
                ^^^^^^^^^^^^^^^^^^^^^^^
  File "/storage/homefs/tn20y076/.conda/envs/aareml/lib/python3.11/site-packages/nbconvert/preprocessors/base.py", line 48, in __call__
    return self.preprocess(nb, resources)
           ^^^^^^^^^^^^^^^^^^^^^^^^^^^^^^
  File "/storage/homefs/tn20y076/.conda/envs/aareml/lib/python3.11/site-packages/nbconvert/preprocessors/execute.py", line 103, in preprocess
    self.preprocess_cell(cell, resources, index)
  File "/storage/homefs/tn20y076/.conda/envs/aareml/lib/python3.11/site-packages/nbconvert/preprocessors/execute.py", line 124, in preprocess_cell
    cell = self.execute_cell(cell, index, store_history=True)
           ^^^^^^^^^^^^^^^^^^^^^^^^^^^^^^^^^^^^^^^^^^^^^^^^^^
  File "/storage/homefs/tn20y076/.conda/envs/aareml/lib/python3.11/site-packages/jupyter_core/utils/__init__.py", line 165, in wrapped
    return loop.run_until_complete(inner)
           ^^^^^^^^^^^^^^^^^^^^^^^^^^^^^^
  File "/storage/homefs/tn20y076/.conda/envs/aareml/lib/python3.11/asyncio/base_events.py", line 654, in run_until_complete
    return future.result()
           ^^^^^^^^^^^^^^^
  File "/storage/homefs/tn20y076/.conda/envs/aareml/lib/python3.11/site-packages/nbclient/client.py", line 1062, in async_execute_cell
    await self._check_raise_for_error(cell, cell_index, exec_reply)
  File "/storage/homefs/tn20y076/.conda/envs/aareml/lib/python3.11/site-packages/nbclient/client.py", line 918, in _check_raise_for_error
    raise CellExecutionError.from_cell_and_msg(cell, exec_reply_content)
nbclient.exceptions.CellExecutionError: An error occurred while executing the following cell:
------------------
# ── Save ablation results CSV ─────────────────────────────────────────────
import os as _os

# Save to both project results dir and workspace for downstream access
csv_paths = [
    RESULTS_DIR / 'ablation_results.csv',
    '/home/user/workspace/AareML/results/ablation_results.csv',
]

for p in csv_paths:
    _os.makedirs(_os.path.dirname(str(p)), exist_ok=True)
    results_df.to_csv(str(p), index=False)
    print(f'Saved → {p}')

print()
print('Final ablation results:')
print(results_df[['Ablation', 'Condition', 'RMSE_DO', 'RMSE_temp',
                   'NSE_DO', 'NSE_temp', 'Mean_RMSE']].to_string(index=False))
------------------

----- stdout -----
Saved → /storage/homefs/tn20y076/AareML/notebooks/../results/ablation_results.csv
------------------

[31m---------------------------------------------------------------------------[39m
[31mPermissionError[39m                           Traceback (most recent call last)
[36mCell[39m[36m [39m[32mIn[17][39m[32m, line 11[39m
[32m      5[39m csv_paths = [
[32m      6[39m     RESULTS_DIR / [33m'[39m[33mablation_results.csv[39m[33m'[39m,
[32m      7[39m     [33m'[39m[33m/home/user/workspace/AareML/results/ablation_results.csv[39m[33m'[39m,
[32m      8[39m ]
[32m     10[39m [38;5;28;01mfor[39;00m p [38;5;129;01min[39;00m csv_paths:
[32m---> [39m[32m11[39m     [43m_os[49m[43m.[49m[43mmakedirs[49m[43m([49m[43m_os[49m[43m.[49m[43mpath[49m[43m.[49m[43mdirname[49m[43m([49m[38;5;28;43mstr[39;49m[43m([49m[43mp[49m[43m)[49m[43m)[49m[43m,[49m[43m [49m[43mexist_ok[49m[43m=[49m[38;5;28;43;01mTrue[39;49;00m[43m)[49m
[32m     12[39m     results_df.to_csv([38;5;28mstr[39m(p), index=[38;5;28;01mFalse[39;00m)
[32m     13[39m     [38;5;28mprint[39m([33mf[39m[33m'[39m[33mSaved → [39m[38;5;132;01m{[39;00mp[38;5;132;01m}[39;00m[33m'[39m)

[36mFile [39m[32m~/.conda/envs/aareml/lib/python3.11/os.py:215[39m, in [36mmakedirs[39m[34m(name, mode, exist_ok)[39m
[32m    213[39m [38;5;28;01mif[39;00m head [38;5;129;01mand[39;00m tail [38;5;129;01mand[39;00m [38;5;129;01mnot[39;00m path.exists(head):
[32m    214[39m     [38;5;28;01mtry[39;00m:
[32m--> [39m[32m215[39m         [43mmakedirs[49m[43m([49m[43mhead[49m[43m,[49m[43m [49m[43mexist_ok[49m[43m=[49m[43mexist_ok[49m[43m)[49m
[32m    216[39m     [38;5;28;01mexcept[39;00m [38;5;167;01mFileExistsError[39;00m:
[32m    217[39m         [38;5;66;03m# Defeats race condition when another thread created the path[39;00m
[32m    218[39m         [38;5;28;01mpass[39;00m

[36mFile [39m[32m~/.conda/envs/aareml/lib/python3.11/os.py:215[39m, in [36mmakedirs[39m[34m(name, mode, exist_ok)[39m
[32m    213[39m [38;5;28;01mif[39;00m head [38;5;129;01mand[39;00m tail [38;5;129;01mand[39;00m [38;5;129;01mnot[39;00m path.exists(head):
[32m    214[39m     [38;5;28;01mtry[39;00m:
[32m--> [39m[32m215[39m         [43mmakedirs[49m[43m([49m[43mhead[49m[43m,[49m[43m [49m[43mexist_ok[49m[43m=[49m[43mexist_ok[49m[43m)[49m
[32m    216[39m     [38;5;28;01mexcept[39;00m [38;5;167;01mFileExistsError[39;00m:
[32m    217[39m         [38;5;66;03m# Defeats race condition when another thread created the path[39;00m
[32m    218[39m         [38;5;28;01mpass[39;00m

[36mFile [39m[32m~/.conda/envs/aareml/lib/python3.11/os.py:215[39m, in [36mmakedirs[39m[34m(name, mode, exist_ok)[39m
[32m    213[39m [38;5;28;01mif[39;00m head [38;5;129;01mand[39;00m tail [38;5;129;01mand[39;00m [38;5;129;01mnot[39;00m path.exists(head):
[32m    214[39m     [38;5;28;01mtry[39;00m:
[32m--> [39m[32m215[39m         [43mmakedirs[49m[43m([49m[43mhead[49m[43m,[49m[43m [49m[43mexist_ok[49m[43m=[49m[43mexist_ok[49m[43m)[49m
[32m    216[39m     [38;5;28;01mexcept[39;00m [38;5;167;01mFileExistsError[39;00m:
[32m    217[39m         [38;5;66;03m# Defeats race condition when another thread created the path[39;00m
[32m    218[39m         [38;5;28;01mpass[39;00m

[36mFile [39m[32m~/.conda/envs/aareml/lib/python3.11/os.py:225[39m, in [36mmakedirs[39m[34m(name, mode, exist_ok)[39m
[32m    223[39m         [38;5;28;01mreturn[39;00m
[32m    224[39m [38;5;28;01mtry[39;00m:
[32m--> [39m[32m225[39m     [43mmkdir[49m[43m([49m[43mname[49m[43m,[49m[43m [49m[43mmode[49m[43m)[49m
[32m    226[39m [38;5;28;01mexcept[39;00m [38;5;167;01mOSError[39;00m:
[32m    227[39m     [38;5;66;03m# Cannot rely on checking for EEXIST, since the operating system[39;00m
[32m    228[39m     [38;5;66;03m# could give priority to other errors like EACCES or EROFS[39;00m
[32m    229[39m     [38;5;28;01mif[39;00m [38;5;129;01mnot[39;00m exist_ok [38;5;129;01mor[39;00m [38;5;129;01mnot[39;00m path.isdir(name):

[31mPermissionError[39m: [Errno 13] Permission denied: '/home/user'

