[NbConvertApp] Converting notebook notebooks/04c_temp_precip_forecast.ipynb to notebook
Traceback (most recent call last):
  File "/storage/homefs/tn20y076/.conda/envs/aareml/bin/jupyter-nbconvert", line 6, in <module>
    sys.exit(main())
             ^^^^^^
  File "/storage/homefs/tn20y076/.conda/envs/aareml/lib/python3.11/site-packages/jupyter_core/application.py", line 284, in launch_instance
    super().launch_instance(argv=argv, **kwargs)
  File "/storage/homefs/tn20y076/.conda/envs/aareml/lib/python3.11/site-packages/traitlets/config/application.py", line 1075, in launch_instance
    app.start()
  File "/storage/homefs/tn20y076/.conda/envs/aareml/lib/python3.11/site-packages/nbconvert/nbconvertapp.py", line 420, in start
    self.convert_notebooks()
  File "/storage/homefs/tn20y076/.conda/envs/aareml/lib/python3.11/site-packages/nbconvert/nbconvertapp.py", line 597, in convert_notebooks
    self.convert_single_notebook(notebook_filename)
  File "/storage/homefs/tn20y076/.conda/envs/aareml/lib/python3.11/site-packages/nbconvert/nbconvertapp.py", line 563, in convert_single_notebook
    output, resources = self.export_single_notebook(
                        ^^^^^^^^^^^^^^^^^^^^^^^^^^^^
  File "/storage/homefs/tn20y076/.conda/envs/aareml/lib/python3.11/site-packages/nbconvert/nbconvertapp.py", line 487, in export_single_notebook
    output, resources = self.exporter.from_filename(
                        ^^^^^^^^^^^^^^^^^^^^^^^^^^^^
  File "/storage/homefs/tn20y076/.conda/envs/aareml/lib/python3.11/site-packages/nbconvert/exporters/exporter.py", line 201, in from_filename
    return self.from_file(f, resources=resources, **kw)
           ^^^^^^^^^^^^^^^^^^^^^^^^^^^^^^^^^^^^^^^^^^^^
  File "/storage/homefs/tn20y076/.conda/envs/aareml/lib/python3.11/site-packages/nbconvert/exporters/exporter.py", line 220, in from_file
    return self.from_notebook_node(
           ^^^^^^^^^^^^^^^^^^^^^^^^
  File "/storage/homefs/tn20y076/.conda/envs/aareml/lib/python3.11/site-packages/nbconvert/exporters/notebook.py", line 36, in from_notebook_node
    nb_copy, resources = super().from_notebook_node(nb, resources, **kw)
                         ^^^^^^^^^^^^^^^^^^^^^^^^^^^^^^^^^^^^^^^^^^^^^^^
  File "/storage/homefs/tn20y076/.conda/envs/aareml/lib/python3.11/site-packages/nbconvert/exporters/exporter.py", line 154, in from_notebook_node
    nb_copy, resources = self._preprocess(nb_copy, resources)
                         ^^^^^^^^^^^^^^^^^^^^^^^^^^^^^^^^^^^^
  File "/storage/homefs/tn20y076/.conda/envs/aareml/lib/python3.11/site-packages/nbconvert/exporters/exporter.py", line 353, in _preprocess
    nbc, resc = preprocessor(nbc, resc)
                ^^^^^^^^^^^^^^^^^^^^^^^
  File "/storage/homefs/tn20y076/.conda/envs/aareml/lib/python3.11/site-packages/nbconvert/preprocessors/base.py", line 48, in __call__
    return self.preprocess(nb, resources)
           ^^^^^^^^^^^^^^^^^^^^^^^^^^^^^^
  File "/storage/homefs/tn20y076/.conda/envs/aareml/lib/python3.11/site-packages/nbconvert/preprocessors/execute.py", line 103, in preprocess
    self.preprocess_cell(cell, resources, index)
  File "/storage/homefs/tn20y076/.conda/envs/aareml/lib/python3.11/site-packages/nbconvert/preprocessors/execute.py", line 124, in preprocess_cell
    cell = self.execute_cell(cell, index, store_history=True)
           ^^^^^^^^^^^^^^^^^^^^^^^^^^^^^^^^^^^^^^^^^^^^^^^^^^
  File "/storage/homefs/tn20y076/.conda/envs/aareml/lib/python3.11/site-packages/jupyter_core/utils/__init__.py", line 165, in wrapped
    return loop.run_until_complete(inner)
           ^^^^^^^^^^^^^^^^^^^^^^^^^^^^^^
  File "/storage/homefs/tn20y076/.conda/envs/aareml/lib/python3.11/asyncio/base_events.py", line 654, in run_until_complete
    return future.result()
           ^^^^^^^^^^^^^^^
  File "/storage/homefs/tn20y076/.conda/envs/aareml/lib/python3.11/site-packages/nbclient/client.py", line 1062, in async_execute_cell
    await self._check_raise_for_error(cell, cell_index, exec_reply)
  File "/storage/homefs/tn20y076/.conda/envs/aareml/lib/python3.11/site-packages/nbclient/client.py", line 918, in _check_raise_for_error
    raise CellExecutionError.from_cell_and_msg(cell, exec_reply_content)
nbclient.exceptions.CellExecutionError: An error occurred while executing the following cell:
------------------
from torch.utils.data import DataLoader

HIDDEN   = 64
N_LAYERS = 2
DROPOUT  = 0.2
EPOCHS   = 15 if LOCAL_TEST else 50
PATIENCE = 4  if LOCAL_TEST else 8
LR       = 1e-3

train_df, val_df, test_df = train_val_test_split(data)


def build_and_train(features, label):
    """Build windows, scale, train Seq2SeqLSTM. Returns (model, feat_sc, tgt_sc)."""
    n_feat = len(features)
    means  = pd.concat([train_df[features].mean(),
                        train_df[TARGET_TEMP].mean()]).groupby(level=0).first()

    X_tr, y_tr, _ = make_windows(train_df, means, features=features,
                                  targets=TARGET_TEMP)
    X_va, y_va, _ = make_windows(val_df,   means, features=features,
                                  targets=TARGET_TEMP)
    X_te, y_te, _ = make_windows(test_df,  means, features=features,
                                  targets=TARGET_TEMP)

    feat_sc = StandardScaler()
    N_tr, L, F = X_tr.shape
    X_tr_sc = feat_sc.fit_transform(X_tr.reshape(-1, F)).reshape(N_tr, L, F).astype(np.float32)
    N_va, _, _ = X_va.shape
    X_va_sc = feat_sc.transform(X_va.reshape(-1, F)).reshape(N_va, L, F).astype(np.float32)
    N_te, _, _ = X_te.shape
    X_te_sc = feat_sc.transform(X_te.reshape(-1, F)).reshape(N_te, L, F).astype(np.float32)

    tgt_sc = StandardScaler()
    H, T   = y_tr.shape[1], y_tr.shape[2]
    y_tr_sc = tgt_sc.fit_transform(y_tr.reshape(-1, T)).reshape(len(y_tr), H, T).astype(np.float32)
    y_va_sc = tgt_sc.transform(y_va.reshape(-1, T)).reshape(len(y_va), H, T).astype(np.float32)

    ds_tr = RiverDataset(X_tr_sc, y_tr_sc)
    ds_va = RiverDataset(X_va_sc, y_va_sc)
    ds_te = RiverDataset(X_te_sc, y_te.astype(np.float32))

    dl_tr = DataLoader(ds_tr, batch_size=128, shuffle=True,
                       num_workers=NUM_WORKERS, pin_memory=PIN_MEMORY)
    dl_va = DataLoader(ds_va, batch_size=256, shuffle=False,
                       num_workers=NUM_WORKERS, pin_memory=PIN_MEMORY)

    model = Seq2SeqLSTM(
    n_feat=n_feat, n_tgt=len(TARGET_TEMP),
    hidden=HIDDEN, n_layers=N_LAYERS, dropout=DROPOUT,
).to(DEVICE)

    _, history = train_model(
        model, dl_tr, dl_va, device=DEVICE,
        epochs=EPOCHS, lr=LR, patience=PATIENCE, verbose=False,
    )
    print(f'  [{label}] best val loss: {min(history["val"]):.4f} '
          f'(epoch {history["val"].index(min(history["val"])) + 1})')

    # Evaluate on test set
    y_pred = predict(model, ds_te, tgt_sc, device=DEVICE)
    y_true = get_y_true(ds_te, tgt_sc)
    rmse = mean_rmse(y_true, y_pred)
    nse_ = nse(y_true, y_pred)
    kge_ = kge(y_true, y_pred)
    print(f'  [{label}] test RMSE={rmse:.3f} NSE={nse_:.3f} KGE={kge_:.3f}')
    return model, feat_sc, tgt_sc, {'rmse': rmse, 'nse': nse_, 'kge': kge_}, ds_te


print('Training temp-only baseline...')
model_base, fsc_base, tsc_base, metrics_base, ds_te_base = build_and_train(
    FEATURES_TEMP_ONLY, 'temp-only'
)

print('Training temp+EC model...')
model_ec, fsc_ec, tsc_ec, metrics_ec, ds_te_ec = build_and_train(
    FEATURES_TEMP_EC, 'temp+EC'
)

# Comparison table
print('\n' + '=' * 55)
print('SINGLE-SITE COMPARISON — Gauge', FOCUS_GAUGE)
print('=' * 55)
print(f'{"Model":<16} {"RMSE":>8} {"NSE":>8} {"KGE":>8}')
print('-' * 55)
print(f'{"Temp-only":<16} {metrics_base["rmse"]:>8.3f} {metrics_base["nse"]:>8.3f} {metrics_base["kge"]:>8.3f}')
print(f'{"Temp + EC":<16} {metrics_ec["rmse"]:>8.3f} {metrics_ec["nse"]:>8.3f} {metrics_ec["kge"]:>8.3f}')
delta_rmse = metrics_base['rmse'] - metrics_ec['rmse']
print(f'\nΔRMSE (base - EC): {delta_rmse:+.3f}  ({"improvement" if delta_rmse > 0 else "no improvement"})')

------------------

----- stdout -----
[data] split: train=12418, val=731, test=1461
Training temp-only baseline...
[data] make_windows: 12384 windows, X=(12384, 21, 1), y=(12384, 14, 1), date range 1981-01-22 → 2014-12-18
[data] make_windows: 697 windows, X=(697, 21, 1), y=(697, 14, 1), date range 2015-01-22 → 2016-12-18
[data] make_windows: 1427 windows, X=(1427, 21, 1), y=(1427, 14, 1), date range 2017-01-22 → 2020-12-18
[model] RiverDataset: 12384 samples, X=(12384, 21, 1), y=(12384, 14, 1)
[model] RiverDataset: 697 samples, X=(697, 21, 1), y=(697, 14, 1)
[model] RiverDataset: 1427 samples, X=(1427, 21, 1), y=(1427, 14, 1)
----- stdout -----
[model] train_model: 100,929 trainable params, device=cuda, epochs=50, patience=8, lr=0.001
----- stdout -----
  [temp-only] best val loss: 0.1630 (epoch 13)
[model] predict: 1427 samples, DO range [-1.72, 2.75] mg/L (scaled)
------------------

[31m---------------------------------------------------------------------------[39m
[31mIndexError[39m                                Traceback (most recent call last)
[36mCell[39m[36m [39m[32mIn[3][39m[32m, line 71[39m
[32m     67[39m     [38;5;28;01mreturn[39;00m model, feat_sc, tgt_sc, {[33m'[39m[33mrmse[39m[33m'[39m: rmse, [33m'[39m[33mnse[39m[33m'[39m: nse_, [33m'[39m[33mkge[39m[33m'[39m: kge_}, ds_te
[32m     70[39m [38;5;28mprint[39m([33m'[39m[33mTraining temp-only baseline...[39m[33m'[39m)
[32m---> [39m[32m71[39m model_base, fsc_base, tsc_base, metrics_base, ds_te_base = [43mbuild_and_train[49m[43m([49m
[32m     72[39m [43m    [49m[43mFEATURES_TEMP_ONLY[49m[43m,[49m[43m [49m[33;43m'[39;49m[33;43mtemp-only[39;49m[33;43m'[39;49m
[32m     73[39m [43m)[49m
[32m     75[39m [38;5;28mprint[39m([33m'[39m[33mTraining temp+EC model...[39m[33m'[39m)
[32m     76[39m model_ec, fsc_ec, tsc_ec, metrics_ec, ds_te_ec = build_and_train(
[32m     77[39m     FEATURES_TEMP_EC, [33m'[39m[33mtemp+EC[39m[33m'[39m
[32m     78[39m )

[36mCell[39m[36m [39m[32mIn[3][39m[32m, line 63[39m, in [36mbuild_and_train[39m[34m(features, label)[39m
[32m     61[39m y_pred = predict(model, ds_te, tgt_sc, device=DEVICE)
[32m     62[39m y_true = get_y_true(ds_te, tgt_sc)
[32m---> [39m[32m63[39m rmse = [43mmean_rmse[49m[43m([49m[43my_true[49m[43m,[49m[43m [49m[43my_pred[49m[43m)[49m
[32m     64[39m nse_ = nse(y_true, y_pred)
[32m     65[39m kge_ = kge(y_true, y_pred)

[36mFile [39m[32m~/AareML/notebooks/../src/metrics.py:35[39m, in [36mmean_rmse[39m[34m(y_true, y_pred, targets)[39m
[32m     33[39m [38;5;28;01massert[39;00m [38;5;129;01mnot[39;00m np.isnan(y_true).any(), [33m"[39m[33mmetrics: NaN in y_true[39m[33m"[39m
[32m     34[39m per = rmse_per_step(y_true, y_pred)          [38;5;66;03m# [H, n_tgt][39;00m
[32m---> [39m[32m35[39m [38;5;28;01mreturn[39;00m [43m{[49m[43mt[49m[43m:[49m[43m [49m[38;5;28;43mfloat[39;49m[43m([49m[43mper[49m[43m[[49m[43m:[49m[43m,[49m[43m [49m[43mi[49m[43m][49m[43m.[49m[43mmean[49m[43m([49m[43m)[49m[43m)[49m[43m [49m[38;5;28;43;01mfor[39;49;00m[43m [49m[43mi[49m[43m,[49m[43m [49m[43mt[49m[43m [49m[38;5;129;43;01min[39;49;00m[43m [49m[38;5;28;43menumerate[39;49m[43m([49m[43mtargets[49m[43m)[49m[43m}[49m

[36mFile [39m[32m~/AareML/notebooks/../src/metrics.py:35[39m, in [36m<dictcomp>[39m[34m(.0)[39m
[32m     33[39m [38;5;28;01massert[39;00m [38;5;129;01mnot[39;00m np.isnan(y_true).any(), [33m"[39m[33mmetrics: NaN in y_true[39m[33m"[39m
[32m     34[39m per = rmse_per_step(y_true, y_pred)          [38;5;66;03m# [H, n_tgt][39;00m
[32m---> [39m[32m35[39m [38;5;28;01mreturn[39;00m {t: [38;5;28mfloat[39m([43mper[49m[43m[[49m[43m:[49m[43m,[49m[43m [49m[43mi[49m[43m][49m.mean()) [38;5;28;01mfor[39;00m i, t [38;5;129;01min[39;00m [38;5;28menumerate[39m(targets)}

[31mIndexError[39m: index 1 is out of bounds for axis 1 with size 1

