[NbConvertApp] Converting notebook notebooks/11_ablation_study.ipynb to notebook
[NbConvertApp] ERROR | Notebook JSON is invalid: Additional properties are not allowed ('execution_count', 'outputs' were unexpected)

Failed validating 'additionalProperties' in markdown_cell:

On instance['cells'][24]:
{'cell_type': 'markdown',
 'execution_count': None,
 'id': 'a5b6c7d8',
 'metadata': {},
 'outputs': ['...0 outputs...'],
 'source': "print('=== A4b: Short Lookback Ablation (SHAP-motivated: 4,5,6 "
           'd...'}
Traceback (most recent call last):
  File "/storage/homefs/tn20y076/.conda/envs/aareml/bin/jupyter-nbconvert", line 6, in <module>
    sys.exit(main())
             ^^^^^^
  File "/storage/homefs/tn20y076/.conda/envs/aareml/lib/python3.11/site-packages/jupyter_core/application.py", line 284, in launch_instance
    super().launch_instance(argv=argv, **kwargs)
  File "/storage/homefs/tn20y076/.conda/envs/aareml/lib/python3.11/site-packages/traitlets/config/application.py", line 1075, in launch_instance
    app.start()
  File "/storage/homefs/tn20y076/.conda/envs/aareml/lib/python3.11/site-packages/nbconvert/nbconvertapp.py", line 420, in start
    self.convert_notebooks()
  File "/storage/homefs/tn20y076/.conda/envs/aareml/lib/python3.11/site-packages/nbconvert/nbconvertapp.py", line 597, in convert_notebooks
    self.convert_single_notebook(notebook_filename)
  File "/storage/homefs/tn20y076/.conda/envs/aareml/lib/python3.11/site-packages/nbconvert/nbconvertapp.py", line 563, in convert_single_notebook
    output, resources = self.export_single_notebook(
                        ^^^^^^^^^^^^^^^^^^^^^^^^^^^^
  File "/storage/homefs/tn20y076/.conda/envs/aareml/lib/python3.11/site-packages/nbconvert/nbconvertapp.py", line 487, in export_single_notebook
    output, resources = self.exporter.from_filename(
                        ^^^^^^^^^^^^^^^^^^^^^^^^^^^^
  File "/storage/homefs/tn20y076/.conda/envs/aareml/lib/python3.11/site-packages/nbconvert/exporters/exporter.py", line 201, in from_filename
    return self.from_file(f, resources=resources, **kw)
           ^^^^^^^^^^^^^^^^^^^^^^^^^^^^^^^^^^^^^^^^^^^^
  File "/storage/homefs/tn20y076/.conda/envs/aareml/lib/python3.11/site-packages/nbconvert/exporters/exporter.py", line 220, in from_file
    return self.from_notebook_node(
           ^^^^^^^^^^^^^^^^^^^^^^^^
  File "/storage/homefs/tn20y076/.conda/envs/aareml/lib/python3.11/site-packages/nbconvert/exporters/notebook.py", line 36, in from_notebook_node
    nb_copy, resources = super().from_notebook_node(nb, resources, **kw)
                         ^^^^^^^^^^^^^^^^^^^^^^^^^^^^^^^^^^^^^^^^^^^^^^^
  File "/storage/homefs/tn20y076/.conda/envs/aareml/lib/python3.11/site-packages/nbconvert/exporters/exporter.py", line 154, in from_notebook_node
    nb_copy, resources = self._preprocess(nb_copy, resources)
                         ^^^^^^^^^^^^^^^^^^^^^^^^^^^^^^^^^^^^
  File "/storage/homefs/tn20y076/.conda/envs/aareml/lib/python3.11/site-packages/nbconvert/exporters/exporter.py", line 353, in _preprocess
    nbc, resc = preprocessor(nbc, resc)
                ^^^^^^^^^^^^^^^^^^^^^^^
  File "/storage/homefs/tn20y076/.conda/envs/aareml/lib/python3.11/site-packages/nbconvert/preprocessors/base.py", line 48, in __call__
    return self.preprocess(nb, resources)
           ^^^^^^^^^^^^^^^^^^^^^^^^^^^^^^
  File "/storage/homefs/tn20y076/.conda/envs/aareml/lib/python3.11/site-packages/nbconvert/preprocessors/execute.py", line 103, in preprocess
    self.preprocess_cell(cell, resources, index)
  File "/storage/homefs/tn20y076/.conda/envs/aareml/lib/python3.11/site-packages/nbconvert/preprocessors/execute.py", line 124, in preprocess_cell
    cell = self.execute_cell(cell, index, store_history=True)
           ^^^^^^^^^^^^^^^^^^^^^^^^^^^^^^^^^^^^^^^^^^^^^^^^^^
  File "/storage/homefs/tn20y076/.conda/envs/aareml/lib/python3.11/site-packages/jupyter_core/utils/__init__.py", line 165, in wrapped
    return loop.run_until_complete(inner)
           ^^^^^^^^^^^^^^^^^^^^^^^^^^^^^^
  File "/storage/homefs/tn20y076/.conda/envs/aareml/lib/python3.11/asyncio/base_events.py", line 654, in run_until_complete
    return future.result()
           ^^^^^^^^^^^^^^^
  File "/storage/homefs/tn20y076/.conda/envs/aareml/lib/python3.11/site-packages/nbclient/client.py", line 1062, in async_execute_cell
    await self._check_raise_for_error(cell, cell_index, exec_reply)
  File "/storage/homefs/tn20y076/.conda/envs/aareml/lib/python3.11/site-packages/nbclient/client.py", line 918, in _check_raise_for_error
    raise CellExecutionError.from_cell_and_msg(cell, exec_reply_content)
nbclient.exceptions.CellExecutionError: An error occurred while executing the following cell:
------------------
raw  = load_gauge(FOCUS_GAUGE)
data = preprocess(raw)
train, val, test = train_val_test_split(data)

# Training means used for NaN imputation — computed once, reused for all splits
train_means = (
    pd.concat([train[FEATURES].mean(), train[TARGETS].mean()])
    .groupby(level=0).first()   # deduplicate temp_sensor / O2C_sensor
)

print(f'Train: {train.index.min().date()} → {train.index.max().date()}  ({len(train):,} days)')
print(f'Val  : {val.index.min().date()}   → {val.index.max().date()}  ({len(val):,} days)')
print(f'Test : {test.index.min().date()}  → {test.index.max().date()}  ({len(test):,} days)')
------------------


[31m---------------------------------------------------------------------------[39m
[31mFileNotFoundError[39m                         Traceback (most recent call last)
[36mCell[39m[36m [39m[32mIn[5][39m[32m, line 1[39m
[32m----> [39m[32m1[39m raw  = [43mload_gauge[49m[43m([49m[43mFOCUS_GAUGE[49m[43m)[49m
[32m      2[39m data = preprocess(raw)
[32m      3[39m train, val, test = train_val_test_split(data)

[36mFile [39m[32m~/AareML/notebooks/../src/data.py:25[39m, in [36mload_gauge[39m[34m(gauge_id, daily_dir)[39m
[32m     23[39m [38;5;250m[39m[33;03m"""Load a single gauge's daily sensor CSV and return a date-indexed DataFrame."""[39;00m
[32m     24[39m path = daily_dir / [33mf[39m[33m"[39m[33mcamels_ch_chem_daily_[39m[38;5;132;01m{[39;00mgauge_id[38;5;132;01m}[39;00m[33m.csv[39m[33m"[39m
[32m---> [39m[32m25[39m df = [43mpd[49m[43m.[49m[43mread_csv[49m[43m([49m[43mpath[49m[43m,[49m[43m [49m[43mparse_dates[49m[43m=[49m[43m[[49m[33;43m"[39;49m[33;43mdate[39;49m[33;43m"[39;49m[43m][49m[43m,[49m[43m [49m[43mindex_col[49m[43m=[49m[33;43m"[39;49m[33;43mdate[39;49m[33;43m"[39;49m[43m)[49m.sort_index()
[32m     26[39m [38;5;28;01massert[39;00m [38;5;129;01mnot[39;00m df.empty, [33mf[39m[33m"[39m[33mload_gauge: file for gauge [39m[38;5;132;01m{[39;00mgauge_id[38;5;132;01m}[39;00m[33m is empty[39m[33m"[39m
[32m     27[39m [38;5;28;01massert[39;00m [38;5;28misinstance[39m(df.index, pd.DatetimeIndex), \
[32m     28[39m     [33mf[39m[33m"[39m[33mload_gauge: index is not DatetimeIndex for gauge [39m[38;5;132;01m{[39;00mgauge_id[38;5;132;01m}[39;00m[33m"[39m

[36mFile [39m[32m~/.conda/envs/aareml/lib/python3.11/site-packages/pandas/io/parsers/readers.py:1026[39m, in [36mread_csv[39m[34m(filepath_or_buffer, sep, delimiter, header, names, index_col, usecols, dtype, engine, converters, true_values, false_values, skipinitialspace, skiprows, skipfooter, nrows, na_values, keep_default_na, na_filter, verbose, skip_blank_lines, parse_dates, infer_datetime_format, keep_date_col, date_parser, date_format, dayfirst, cache_dates, iterator, chunksize, compression, thousands, decimal, lineterminator, quotechar, quoting, doublequote, escapechar, comment, encoding, encoding_errors, dialect, on_bad_lines, delim_whitespace, low_memory, memory_map, float_precision, storage_options, dtype_backend)[39m
[32m   1013[39m kwds_defaults = _refine_defaults_read(
[32m   1014[39m     dialect,
[32m   1015[39m     delimiter,
[32m   (...)[39m[32m   1022[39m     dtype_backend=dtype_backend,
[32m   1023[39m )
[32m   1024[39m kwds.update(kwds_defaults)
[32m-> [39m[32m1026[39m [38;5;28;01mreturn[39;00m [43m_read[49m[43m([49m[43mfilepath_or_buffer[49m[43m,[49m[43m [49m[43mkwds[49m[43m)[49m

[36mFile [39m[32m~/.conda/envs/aareml/lib/python3.11/site-packages/pandas/io/parsers/readers.py:620[39m, in [36m_read[39m[34m(filepath_or_buffer, kwds)[39m
[32m    617[39m _validate_names(kwds.get([33m"[39m[33mnames[39m[33m"[39m, [38;5;28;01mNone[39;00m))
[32m    619[39m [38;5;66;03m# Create the parser.[39;00m
[32m--> [39m[32m620[39m parser = [43mTextFileReader[49m[43m([49m[43mfilepath_or_buffer[49m[43m,[49m[43m [49m[43m*[49m[43m*[49m[43mkwds[49m[43m)[49m
[32m    622[39m [38;5;28;01mif[39;00m chunksize [38;5;129;01mor[39;00m iterator:
[32m    623[39m     [38;5;28;01mreturn[39;00m parser

[36mFile [39m[32m~/.conda/envs/aareml/lib/python3.11/site-packages/pandas/io/parsers/readers.py:1620[39m, in [36mTextFileReader.__init__[39m[34m(self, f, engine, **kwds)[39m
[32m   1617[39m     [38;5;28mself[39m.options[[33m"[39m[33mhas_index_names[39m[33m"[39m] = kwds[[33m"[39m[33mhas_index_names[39m[33m"[39m]
[32m   1619[39m [38;5;28mself[39m.handles: IOHandles | [38;5;28;01mNone[39;00m = [38;5;28;01mNone[39;00m
[32m-> [39m[32m1620[39m [38;5;28mself[39m._engine = [38;5;28;43mself[39;49m[43m.[49m[43m_make_engine[49m[43m([49m[43mf[49m[43m,[49m[43m [49m[38;5;28;43mself[39;49m[43m.[49m[43mengine[49m[43m)[49m

[36mFile [39m[32m~/.conda/envs/aareml/lib/python3.11/site-packages/pandas/io/parsers/readers.py:1880[39m, in [36mTextFileReader._make_engine[39m[34m(self, f, engine)[39m
[32m   1878[39m     [38;5;28;01mif[39;00m [33m"[39m[33mb[39m[33m"[39m [38;5;129;01mnot[39;00m [38;5;129;01min[39;00m mode:
[32m   1879[39m         mode += [33m"[39m[33mb[39m[33m"[39m
[32m-> [39m[32m1880[39m [38;5;28mself[39m.handles = [43mget_handle[49m[43m([49m
[32m   1881[39m [43m    [49m[43mf[49m[43m,[49m
[32m   1882[39m [43m    [49m[43mmode[49m[43m,[49m
[32m   1883[39m [43m    [49m[43mencoding[49m[43m=[49m[38;5;28;43mself[39;49m[43m.[49m[43moptions[49m[43m.[49m[43mget[49m[43m([49m[33;43m"[39;49m[33;43mencoding[39;49m[33;43m"[39;49m[43m,[49m[43m [49m[38;5;28;43;01mNone[39;49;00m[43m)[49m[43m,[49m
[32m   1884[39m [43m    [49m[43mcompression[49m[43m=[49m[38;5;28;43mself[39;49m[43m.[49m[43moptions[49m[43m.[49m[43mget[49m[43m([49m[33;43m"[39;49m[33;43mcompression[39;49m[33;43m"[39;49m[43m,[49m[43m [49m[38;5;28;43;01mNone[39;49;00m[43m)[49m[43m,[49m
[32m   1885[39m [43m    [49m[43mmemory_map[49m[43m=[49m[38;5;28;43mself[39;49m[43m.[49m[43moptions[49m[43m.[49m[43mget[49m[43m([49m[33;43m"[39;49m[33;43mmemory_map[39;49m[33;43m"[39;49m[43m,[49m[43m [49m[38;5;28;43;01mFalse[39;49;00m[43m)[49m[43m,[49m
[32m   1886[39m [43m    [49m[43mis_text[49m[43m=[49m[43mis_text[49m[43m,[49m
[32m   1887[39m [43m    [49m[43merrors[49m[43m=[49m[38;5;28;43mself[39;49m[43m.[49m[43moptions[49m[43m.[49m[43mget[49m[43m([49m[33;43m"[39;49m[33;43mencoding_errors[39;49m[33;43m"[39;49m[43m,[49m[43m [49m[33;43m"[39;49m[33;43mstrict[39;49m[33;43m"[39;49m[43m)[49m[43m,[49m
[32m   1888[39m [43m    [49m[43mstorage_options[49m[43m=[49m[38;5;28;43mself[39;49m[43m.[49m[43moptions[49m[43m.[49m[43mget[49m[43m([49m[33;43m"[39;49m[33;43mstorage_options[39;49m[33;43m"[39;49m[43m,[49m[43m [49m[38;5;28;43;01mNone[39;49;00m[43m)[49m[43m,[49m
[32m   1889[39m [43m[49m[43m)[49m
[32m   1890[39m [38;5;28;01massert[39;00m [38;5;28mself[39m.handles [38;5;129;01mis[39;00m [38;5;129;01mnot[39;00m [38;5;28;01mNone[39;00m
[32m   1891[39m f = [38;5;28mself[39m.handles.handle

[36mFile [39m[32m~/.conda/envs/aareml/lib/python3.11/site-packages/pandas/io/common.py:873[39m, in [36mget_handle[39m[34m(path_or_buf, mode, encoding, compression, memory_map, is_text, errors, storage_options)[39m
[32m    868[39m [38;5;28;01melif[39;00m [38;5;28misinstance[39m(handle, [38;5;28mstr[39m):
[32m    869[39m     [38;5;66;03m# Check whether the filename is to be opened in binary mode.[39;00m
[32m    870[39m     [38;5;66;03m# Binary mode does not support 'encoding' and 'newline'.[39;00m
[32m    871[39m     [38;5;28;01mif[39;00m ioargs.encoding [38;5;129;01mand[39;00m [33m"[39m[33mb[39m[33m"[39m [38;5;129;01mnot[39;00m [38;5;129;01min[39;00m ioargs.mode:
[32m    872[39m         [38;5;66;03m# Encoding[39;00m
[32m--> [39m[32m873[39m         handle = [38;5;28;43mopen[39;49m[43m([49m
[32m    874[39m [43m            [49m[43mhandle[49m[43m,[49m
[32m    875[39m [43m            [49m[43mioargs[49m[43m.[49m[43mmode[49m[43m,[49m
[32m    876[39m [43m            [49m[43mencoding[49m[43m=[49m[43mioargs[49m[43m.[49m[43mencoding[49m[43m,[49m
[32m    877[39m [43m            [49m[43merrors[49m[43m=[49m[43merrors[49m[43m,[49m
[32m    878[39m [43m            [49m[43mnewline[49m[43m=[49m[33;43m"[39;49m[33;43m"[39;49m[43m,[49m
[32m    879[39m [43m        [49m[43m)[49m
[32m    880[39m     [38;5;28;01melse[39;00m:
[32m    881[39m         [38;5;66;03m# Binary mode[39;00m
[32m    882[39m         handle = [38;5;28mopen[39m(handle, ioargs.mode)

[31mFileNotFoundError[39m: [Errno 2] No such file or directory: '/storage/homefs/tn20y076/AareML/notebooks/../data/camels-ch-chem/stream_water_chemistry/timeseries/daily/camels_ch_chem_daily_2473.csv'

